WebSocket connection established.
WebSocket connection closed with code: 1006
WebSocket connection established.
WebSocket connection established.
WebSocket connection established.
WebSocket connection established.
WebSocket connection established.
WebSocket connection established.
WebSocket connection established.
WebSocket connection established.
WebSocket connection established.
WebSocket connection established.
WebSocket connection established.
Received raw data: {"message":"امین حسینی "}
Sent message: امین حسینی 
WebSocket connection established.
WebSocket connection established.
WebSocket connection established.
WebSocket connection established.
WebSocket connection established.
WebSocket connection established.
WebSocket connection established.
WebSocket connection established.
WebSocket connection established.
WebSocket connection established.
Received raw data: {"message":"بتیتبدبن"}
Sent message: بتیتبدبن
WebSocket connection established.
WebSocket connection established.
WebSocket connection closed with code: 1006
WebSocket connection closed with code: 1006
WebSocket connection closed with code: 1006
WebSocket connection closed with code: 1006
WebSocket connection closed with code: 1006
WebSocket connection closed with code: 1006
WebSocket connection closed with code: 1006
WebSocket connection closed with code: 1006
WebSocket connection closed with code: 1006
WebSocket connection closed with code: 1006
WebSocket connection closed with code: 1006
WebSocket connection closed with code: 1006
WebSocket connection closed with code: 1006
WebSocket connection closed with code: 1006
WebSocket connection closed with code: 1006
WebSocket connection closed with code: 1006
WebSocket connection closed with code: 1006
WebSocket connection closed with code: 1006
WebSocket connection closed with code: 1006
WebSocket connection closed with code: 1006
WebSocket connection closed with code: 1006
WebSocket connection closed with code: 1006
WebSocket connection closed with code: 1006
WebSocket connection established.
WebSocket connection established.
WebSocket connection established.
WebSocket connection established.
WebSocket connection established.
WebSocket connection established.
WebSocket connection established.
WebSocket connection established.
WebSocket connection established.
Received raw data: {"message":"سلام گل خوبی "}
Sent message: سلام گل خوبی 
WebSocket connection established.
WebSocket connection established.
WebSocket connection closed with code: 1006
WebSocket connection closed with code: 1006
WebSocket connection closed with code: 1006
WebSocket connection closed with code: 1006
WebSocket connection closed with code: 1006
WebSocket connection closed with code: 1006
WebSocket connection closed with code: 1006
WebSocket connection closed with code: 1006
WebSocket connection closed with code: 1006
WebSocket connection closed with code: 1006
WebSocket connection closed with code: 1006
